<?xml version="1.0" encoding="UTF-8"?>
<testng-results ignored="0" total="2" passed="2" failed="0" skipped="0">
  <reporter-output>
  </reporter-output>
  <suite started-at="2024-02-09T16:39:30 IST" name="Practice Suite" finished-at="2024-02-09T16:39:42 IST" duration-ms="12248">
    <groups>
    </groups>
    <test started-at="2024-02-09T16:39:30 IST" name="Test Basics 1" finished-at="2024-02-09T16:39:42 IST" duration-ms="12248">
      <class name="GoogleTests.AccessGoogle">
        <test-method is-config="true" signature="init(java.lang.String)[pri:0, instance:GoogleTests.AccessGoogle@7c0c77c7]" started-at="2024-02-09T16:39:30 IST" name="init" finished-at="2024-02-09T16:39:35 IST" duration-ms="5138" status="PASS">
          <params>
            <param index="0">
              <value>
                <![CDATA[firefox]]>
              </value>
            </param>
          </params>
          <reporter-output>
          </reporter-output>
        </test-method> <!-- init -->
        <test-method signature="openGoogle(java.lang.String)[pri:1, instance:GoogleTests.AccessGoogle@7c0c77c7]" started-at="2024-02-09T16:39:35 IST" name="openGoogle" finished-at="2024-02-09T16:39:39 IST" duration-ms="4172" status="PASS">
          <params>
            <param index="0">
              <value>
                <![CDATA[https://yahoo.com]]>
              </value>
            </param>
          </params>
          <reporter-output>
          </reporter-output>
        </test-method> <!-- openGoogle -->
        <test-method signature="searchType()[pri:2, instance:GoogleTests.AccessGoogle@7c0c77c7]" started-at="2024-02-09T16:39:39 IST" name="searchType" finished-at="2024-02-09T16:39:39 IST" duration-ms="52" status="PASS">
          <reporter-output>
          </reporter-output>
        </test-method> <!-- searchType -->
        <test-method is-config="true" signature="destroy()[pri:0, instance:GoogleTests.AccessGoogle@7c0c77c7]" started-at="2024-02-09T16:39:39 IST" name="destroy" finished-at="2024-02-09T16:39:42 IST" duration-ms="2861" status="PASS">
          <reporter-output>
          </reporter-output>
        </test-method> <!-- destroy -->
      </class> <!-- GoogleTests.AccessGoogle -->
    </test> <!-- Test Basics 1 -->
  </suite> <!-- Practice Suite -->
</testng-results>
